<?xml version="1.0" encoding="UTF-8"?>
<!-- Generated by org.testng.reporters.JUnitReportReporter -->
<testsuite hostname="ABS149" name="yandex.com.web.tests.Test_1" tests="1" failures="0" timestamp="22 Jun 2016 13:13:46 GMT" time="19.019" errors="0">
  <testcase name="TestFunctions" time="19.019" classname="yandex.com.web.tests.Test_1"/>
</testsuite> <!-- yandex.com.web.tests.Test_1 -->
