<?xml version="1.0" encoding="UTF-8"?>
<!-- Generated by org.testng.reporters.JUnitReportReporter -->
<testsuite hostname="ABS149" name="yandex.com.web.tests.Test_1" tests="1" failures="0" timestamp="24 Jun 2016 11:58:07 GMT" time="4.236" errors="0">
  <testcase name="TestFunctions" time="4.236" classname="yandex.com.web.tests.Test_1"/>
</testsuite> <!-- yandex.com.web.tests.Test_1 -->
