<?xml version="1.0" encoding="UTF-8"?>
<!-- Generated by org.testng.reporters.JUnitReportReporter -->
<testsuite hostname="ABS149" name="yandex.com.web.tests.Test_1" tests="1" failures="0" timestamp="24 Jun 2016 12:47:40 GMT" time="3.749" errors="0">
  <testcase name="TestFunctions" time="3.749" classname="yandex.com.web.tests.Test_1"/>
</testsuite> <!-- yandex.com.web.tests.Test_1 -->
